2022-07-13 23:20:15,742 INFO o.a.j.u.JMeterUtils: Setting Locale to en_US
2022-07-13 23:20:15,753 INFO o.a.j.JMeter: Loading system properties from: system.properties
2022-07-13 23:20:15,753 INFO o.a.j.JMeter: Setting System property: sun.net.http.allowRestrictedHeaders=true
2022-07-13 23:20:15,757 INFO o.a.j.JMeter: Copyright (c) 1998-2022 The Apache Software Foundation
2022-07-13 23:20:15,757 INFO o.a.j.JMeter: Version 5.5
2022-07-13 23:20:15,757 INFO o.a.j.JMeter: java.version=18.0.1.1
2022-07-13 23:20:15,757 INFO o.a.j.JMeter: java.vm.name=OpenJDK 64-Bit Server VM
2022-07-13 23:20:15,757 INFO o.a.j.JMeter: os.name=Mac OS X
2022-07-13 23:20:15,757 INFO o.a.j.JMeter: os.arch=aarch64
2022-07-13 23:20:15,757 INFO o.a.j.JMeter: os.version=12.2.1
2022-07-13 23:20:15,757 INFO o.a.j.JMeter: file.encoding=UTF-8
2022-07-13 23:20:15,757 INFO o.a.j.JMeter: java.awt.headless=true
2022-07-13 23:20:15,757 INFO o.a.j.JMeter: Max memory     =536870912
2022-07-13 23:20:15,757 INFO o.a.j.JMeter: Available Processors =10
2022-07-13 23:20:15,761 INFO o.a.j.JMeter: Default Locale=English (United States)
2022-07-13 23:20:15,761 INFO o.a.j.JMeter: JMeter  Locale=English (United States)
2022-07-13 23:20:15,761 INFO o.a.j.JMeter: JMeterHome=/Users/alexrodriguez/Desktop/JMeter/framework/performanceTesting/target/6d40e489-69ac-4f3d-bbb1-5de03a1023c2/jmeter
2022-07-13 23:20:15,762 INFO o.a.j.JMeter: user.dir  =/Users/alexrodriguez/Desktop/JMeter/framework/performanceTesting/target/6d40e489-69ac-4f3d-bbb1-5de03a1023c2/jmeter/bin
2022-07-13 23:20:15,762 INFO o.a.j.JMeter: PWD       =/Users/alexrodriguez/Desktop/JMeter/framework/performanceTesting/target/6d40e489-69ac-4f3d-bbb1-5de03a1023c2/jmeter/bin
2022-07-13 23:20:15,770 INFO o.a.j.JMeter: IP: 192.168.1.180 Name: Alexs-MBP-2 FullName: alexs-mbp-2
2022-07-13 23:20:15,775 INFO o.a.j.JMeter: Setting property 'jmeter.reportgenerator.outputdir' to:'/Users/alexrodriguez/Desktop/JMeter/framework/performanceTesting/target/jmeter/reports/project'
2022-07-13 23:20:15,776 INFO o.a.j.s.FileServer: Default base='/Users/alexrodriguez/Desktop/JMeter/framework/performanceTesting/target/6d40e489-69ac-4f3d-bbb1-5de03a1023c2/jmeter/bin'
2022-07-13 23:20:15,777 INFO o.a.j.s.FileServer: Set new base='/Users/alexrodriguez/Desktop/JMeter/framework/performanceTesting/target/jmeter/testFiles'
2022-07-13 23:20:15,866 INFO o.a.j.s.SaveService: Testplan (JMX) version: 2.2. Testlog (JTL) version: 2.2
2022-07-13 23:20:15,879 INFO o.a.j.s.SaveService: Using SaveService properties version 5.0
2022-07-13 23:20:15,880 INFO o.a.j.s.SaveService: Using SaveService properties file encoding UTF-8
2022-07-13 23:20:15,881 INFO o.a.j.s.SaveService: Loading file: /Users/alexrodriguez/Desktop/JMeter/framework/performanceTesting/target/jmeter/testFiles/project.jmx
2022-07-13 23:20:15,901 INFO o.a.j.p.h.s.HTTPSamplerBase: Parser for text/html is org.apache.jmeter.protocol.http.parser.LagartoBasedHtmlParser
2022-07-13 23:20:15,902 INFO o.a.j.p.h.s.HTTPSamplerBase: Parser for application/xhtml+xml is org.apache.jmeter.protocol.http.parser.LagartoBasedHtmlParser
2022-07-13 23:20:15,902 INFO o.a.j.p.h.s.HTTPSamplerBase: Parser for application/xml is org.apache.jmeter.protocol.http.parser.LagartoBasedHtmlParser
2022-07-13 23:20:15,902 INFO o.a.j.p.h.s.HTTPSamplerBase: Parser for text/xml is org.apache.jmeter.protocol.http.parser.LagartoBasedHtmlParser
2022-07-13 23:20:15,902 INFO o.a.j.p.h.s.HTTPSamplerBase: Parser for text/vnd.wap.wml is org.apache.jmeter.protocol.http.parser.RegexpHTMLParser
2022-07-13 23:20:15,902 INFO o.a.j.p.h.s.HTTPSamplerBase: Parser for text/css is org.apache.jmeter.protocol.http.parser.CssParser
2022-07-13 23:20:15,944 INFO o.a.j.JMeter: Creating summariser <summary>
2022-07-13 23:20:15,946 INFO o.a.j.r.d.ReportGenerator: ReportGenerator will use for Parsing the separator: ','
2022-07-13 23:20:15,946 INFO o.a.j.r.d.ReportGenerator: Will generate report at end of test from  results file: /Users/alexrodriguez/Desktop/JMeter/framework/performanceTesting/target/jmeter/results/20220713-project.csv
2022-07-13 23:20:15,946 INFO o.a.j.r.d.ReportGenerator: Reading report generator properties from: /Users/alexrodriguez/Desktop/JMeter/framework/performanceTesting/target/6d40e489-69ac-4f3d-bbb1-5de03a1023c2/jmeter/bin/reportgenerator.properties
2022-07-13 23:20:15,946 INFO o.a.j.r.d.ReportGenerator: Merging with JMeter properties
2022-07-13 23:20:15,948 INFO o.a.j.r.c.ReportGeneratorConfiguration: Property 'jmeter.reportgenerator.temp_dir' not found, using default value 'temp' instead.
2022-07-13 23:20:15,949 INFO o.a.j.r.c.ReportGeneratorConfiguration: Property 'jmeter.reportgenerator.apdex_per_transaction' not found, using default value 'null' instead.
2022-07-13 23:20:15,949 INFO o.a.j.r.c.ReportGeneratorConfiguration: apdex_per_transaction is empty, not APDEX per transaction customization
2022-07-13 23:20:15,949 INFO o.a.j.r.c.ReportGeneratorConfiguration: Property 'jmeter.reportgenerator.sample_filter' not found, using default value 'null' instead.
2022-07-13 23:20:15,949 INFO o.a.j.r.c.ReportGeneratorConfiguration: Property 'jmeter.reportgenerator.report_title' not found, using default value 'null' instead.
2022-07-13 23:20:15,949 INFO o.a.j.r.c.ReportGeneratorConfiguration: Property 'jmeter.reportgenerator.start_date' not found, using default value 'null' instead.
2022-07-13 23:20:15,950 INFO o.a.j.r.c.ReportGeneratorConfiguration: Property 'jmeter.reportgenerator.end_date' not found, using default value 'null' instead.
2022-07-13 23:20:15,950 INFO o.a.j.r.c.ReportGeneratorConfiguration: Property 'jmeter.reportgenerator.date_format' not found, using default value 'null' instead.
2022-07-13 23:20:15,953 INFO o.a.j.r.c.ReportGeneratorConfiguration: Will use date range start date: null, end date: null
2022-07-13 23:20:15,955 INFO o.a.j.r.c.ReportGeneratorConfiguration: Property 'jmeter.reportgenerator.graph.totalTPS.exclude_controllers' not found, using default value 'false' instead.
2022-07-13 23:20:15,955 INFO o.a.j.r.c.ReportGeneratorConfiguration: Property 'jmeter.reportgenerator.graph.activeThreadsOverTime.exclude_controllers' not found, using default value 'false' instead.
2022-07-13 23:20:15,955 INFO o.a.j.r.c.ReportGeneratorConfiguration: Property 'jmeter.reportgenerator.graph.timeVsThreads.exclude_controllers' not found, using default value 'false' instead.
2022-07-13 23:20:15,955 INFO o.a.j.r.c.ReportGeneratorConfiguration: Property 'jmeter.reportgenerator.graph.responseTimeDistribution.exclude_controllers' not found, using default value 'false' instead.
2022-07-13 23:20:15,955 INFO o.a.j.r.c.ReportGeneratorConfiguration: Property 'jmeter.reportgenerator.graph.transactionsPerSecond.exclude_controllers' not found, using default value 'false' instead.
2022-07-13 23:20:15,955 INFO o.a.j.r.c.ReportGeneratorConfiguration: Property 'jmeter.reportgenerator.graph.responseTimePercentiles.exclude_controllers' not found, using default value 'false' instead.
2022-07-13 23:20:15,955 INFO o.a.j.r.c.ReportGeneratorConfiguration: Property 'jmeter.reportgenerator.graph.responseTimePercentilesOverTime.exclude_controllers' not found, using default value 'false' instead.
2022-07-13 23:20:15,955 INFO o.a.j.r.c.ReportGeneratorConfiguration: Property 'jmeter.reportgenerator.graph.responseTimesOverTime.exclude_controllers' not found, using default value 'false' instead.
2022-07-13 23:20:15,956 INFO o.a.j.r.c.ReportGeneratorConfiguration: Property 'jmeter.reportgenerator.graph.connectTimeOverTime.exclude_controllers' not found, using default value 'false' instead.
2022-07-13 23:20:15,956 INFO o.a.j.r.c.ReportGeneratorConfiguration: Property 'jmeter.reportgenerator.graph.latenciesOverTime.exclude_controllers' not found, using default value 'false' instead.
2022-07-13 23:20:15,956 INFO o.a.j.r.c.ReportGeneratorConfiguration: Property 'jmeter.reportgenerator.exporter.json.filters_only_sample_series' not found, using default value 'true' instead.
2022-07-13 23:20:15,956 INFO o.a.j.r.c.ReportGeneratorConfiguration: Property 'jmeter.reportgenerator.exporter.json.series_filter' not found, using default value '' instead.
2022-07-13 23:20:15,956 INFO o.a.j.r.c.ReportGeneratorConfiguration: Property 'jmeter.reportgenerator.exporter.json.show_controllers_only' not found, using default value 'false' instead.
2022-07-13 23:20:15,956 INFO o.a.j.r.c.ReportGeneratorConfiguration: Property 'jmeter.reportgenerator.exporter.html.filters_only_sample_series' not found, using default value 'true' instead.
2022-07-13 23:20:15,956 INFO o.a.j.r.c.ReportGeneratorConfiguration: Property 'jmeter.reportgenerator.exporter.html.series_filter' not found, using default value '' instead.
2022-07-13 23:20:15,956 INFO o.a.j.r.c.ReportGeneratorConfiguration: Property 'jmeter.reportgenerator.exporter.html.show_controllers_only' not found, using default value 'false' instead.
2022-07-13 23:20:15,961 INFO o.a.j.e.StandardJMeterEngine: Running the test!
2022-07-13 23:20:15,961 INFO o.a.j.s.SampleEvent: List of sample_variables: []
2022-07-13 23:20:15,961 INFO o.a.j.s.SampleEvent: List of sample_variables: []
2022-07-13 23:20:15,964 INFO o.a.j.e.u.CompoundVariable: Note: Function class names must contain the string: '.functions.'
2022-07-13 23:20:15,964 INFO o.a.j.e.u.CompoundVariable: Note: Function class names must not contain the string: '.gui.'
2022-07-13 23:20:15,990 INFO o.a.j.JMeter: Running test (1657768815990)
2022-07-13 23:20:15,999 INFO o.a.j.e.StandardJMeterEngine: Starting ThreadGroup: 1 : Log In
2022-07-13 23:20:15,999 INFO o.a.j.e.StandardJMeterEngine: Starting 1 threads for group Log In.
2022-07-13 23:20:15,999 INFO o.a.j.e.StandardJMeterEngine: Thread will continue on error
2022-07-13 23:20:15,999 INFO o.a.j.t.ThreadGroup: Starting thread group... number=1 threads=1 ramp-up=1 delayedStart=false
2022-07-13 23:20:16,002 INFO o.a.j.t.ThreadGroup: Started thread group number 1
2022-07-13 23:20:16,002 INFO o.a.j.e.StandardJMeterEngine: Waiting for thread group: Log In to finish before starting next group
2022-07-13 23:20:16,025 INFO o.a.j.t.JMeterThread: Thread started: Log In 1-1
2022-07-13 23:20:16,026 INFO o.a.j.s.FileServer: Stored: /Users/alexrodriguez/Desktop/JMeter/framework/performanceTesting/src/main/resources/UI_Email.csv
2022-07-13 23:20:16,037 INFO o.a.j.p.h.s.HTTPHCAbstractImpl: Local host = Alexs-MBP-2
2022-07-13 23:20:16,039 INFO o.a.j.p.h.s.HTTPHC4Impl: HTTP request retry count = 0
2022-07-13 23:20:16,040 INFO o.a.j.s.SampleResult: Note: Sample TimeStamps are START times
2022-07-13 23:20:16,040 INFO o.a.j.s.SampleResult: sampleresult.default.encoding is set to ISO-8859-1
2022-07-13 23:20:16,040 INFO o.a.j.s.SampleResult: sampleresult.useNanoTime=true
2022-07-13 23:20:16,040 INFO o.a.j.s.SampleResult: sampleresult.nanoThreadSleep=5000
2022-07-13 23:20:16,199 INFO o.a.j.p.h.s.h.LazyLayeredConnectionSocketFactory: Setting up HTTPS TrustAll Socket Factory
2022-07-13 23:20:16,202 INFO o.a.j.u.JsseSSLManager: Using default SSL protocol: TLS
2022-07-13 23:20:16,202 INFO o.a.j.u.JsseSSLManager: SSL session context: per-thread
2022-07-13 23:20:16,323 INFO o.a.j.u.SSLManager: JmeterKeyStore Location:  type JKS
2022-07-13 23:20:16,325 INFO o.a.j.u.SSLManager: KeyStore created OK
2022-07-13 23:20:16,325 WARN o.a.j.u.SSLManager: Keystore file not found, loading empty keystore
2022-07-13 23:20:16,687 INFO o.a.j.t.JMeterThread: Thread is done: Log In 1-1
2022-07-13 23:20:16,687 INFO o.a.j.t.JMeterThread: Thread finished: Log In 1-1
2022-07-13 23:20:16,690 INFO o.a.j.e.StandardJMeterEngine: Starting ThreadGroup: 2 : Member-of
2022-07-13 23:20:16,690 INFO o.a.j.e.StandardJMeterEngine: Starting 1 threads for group Member-of.
2022-07-13 23:20:16,690 INFO o.a.j.e.StandardJMeterEngine: Thread will continue on error
2022-07-13 23:20:16,690 INFO o.a.j.t.ThreadGroup: Starting thread group... number=2 threads=1 ramp-up=1 delayedStart=false
2022-07-13 23:20:16,692 INFO o.a.j.t.ThreadGroup: Started thread group number 2
2022-07-13 23:20:16,692 INFO o.a.j.e.StandardJMeterEngine: Waiting for thread group: Member-of to finish before starting next group
2022-07-13 23:20:16,692 INFO o.a.j.t.JMeterThread: Thread started: Member-of 2-1
2022-07-13 23:20:16,971 INFO o.a.j.t.JMeterThread: Thread is done: Member-of 2-1
2022-07-13 23:20:16,971 INFO o.a.j.t.JMeterThread: Thread finished: Member-of 2-1
2022-07-13 23:20:16,972 INFO o.a.j.e.StandardJMeterEngine: Starting ThreadGroup: 3 : Create Projects
2022-07-13 23:20:16,972 INFO o.a.j.e.StandardJMeterEngine: Starting 1 threads for group Create Projects.
2022-07-13 23:20:16,972 INFO o.a.j.e.StandardJMeterEngine: Thread will continue on error
2022-07-13 23:20:16,972 INFO o.a.j.t.ThreadGroup: Starting thread group... number=3 threads=1 ramp-up=1 delayedStart=false
2022-07-13 23:20:16,972 INFO o.a.j.t.ThreadGroup: Started thread group number 3
2022-07-13 23:20:16,972 INFO o.a.j.e.StandardJMeterEngine: All thread groups have been started
2022-07-13 23:20:16,972 INFO o.a.j.t.JMeterThread: Thread started: Create Projects 3-1
2022-07-13 23:20:17,279 INFO o.a.j.t.JMeterThread: Thread is done: Create Projects 3-1
2022-07-13 23:20:17,279 INFO o.a.j.t.JMeterThread: Thread finished: Create Projects 3-1
2022-07-13 23:20:17,280 INFO o.a.j.e.StandardJMeterEngine: Notifying test listeners of end of test
2022-07-13 23:20:17,280 INFO o.a.j.s.FileServer: Close: /Users/alexrodriguez/Desktop/JMeter/framework/performanceTesting/src/main/resources/UI_Email.csv
2022-07-13 23:20:17,283 INFO o.a.j.r.Summariser: summary =      3 in 00:00:01 =    2.3/s Avg:   395 Min:   275 Max:   607 Err:     0 (0.00%)
2022-07-13 23:20:17,283 INFO o.a.j.JMeter: Generating Dashboard
2022-07-13 23:20:17,283 INFO o.a.j.r.d.ReportGenerator: Flushing result collector before report Generation
2022-07-13 23:20:17,287 INFO o.a.j.r.p.NormalizerSampleConsumer: Using format, 'ms', to parse timeStamp field
2022-07-13 23:20:17,311 INFO o.a.j.r.p.AbstractSampleConsumer: class org.apache.jmeter.report.processor.AggregateConsumer#stopProducing(): beginDate produced 0 samples
2022-07-13 23:20:17,312 INFO o.a.j.r.p.AbstractSampleConsumer: class org.apache.jmeter.report.processor.AggregateConsumer#stopProducing(): endDate produced 0 samples
2022-07-13 23:20:17,315 INFO o.a.j.r.p.AbstractSampleConsumer: class org.apache.jmeter.report.processor.ApdexSummaryConsumer#stopProducing(): apdexSummary produced 0 samples
2022-07-13 23:20:17,315 INFO o.a.j.r.p.AbstractSampleConsumer: class org.apache.jmeter.report.processor.RequestsSummaryConsumer#stopProducing(): requestsSummary produced 0 samples
2022-07-13 23:20:17,319 INFO o.a.j.r.p.AbstractSampleConsumer: class org.apache.jmeter.report.processor.StatisticsSummaryConsumer#stopProducing(): statisticsSummary produced 0 samples
2022-07-13 23:20:17,320 INFO o.a.j.r.p.AbstractSampleConsumer: class org.apache.jmeter.report.processor.Top5ErrorsBySamplerConsumer#stopProducing(): top5ErrorsBySampler produced 0 samples
2022-07-13 23:20:17,320 INFO o.a.j.r.p.AbstractSampleConsumer: class org.apache.jmeter.report.processor.ErrorsSummaryConsumer#stopProducing(): errorsSummary produced 0 samples
2022-07-13 23:20:17,320 INFO o.a.j.r.p.AbstractSampleConsumer: class org.apache.jmeter.report.processor.graph.impl.HitsPerSecondGraphConsumer#stopProducing(): hitsPerSecond produced 0 samples
2022-07-13 23:20:17,324 INFO o.a.j.r.p.AbstractSampleConsumer: class org.apache.jmeter.report.processor.graph.impl.LatencyVSRequestGraphConsumer#stopProducing(): latencyVsRequest produced 0 samples
2022-07-13 23:20:17,324 INFO o.a.j.r.p.AbstractSampleConsumer: class org.apache.jmeter.report.processor.graph.impl.SyntheticResponseTimeDistributionGraphConsumer#stopProducing(): syntheticResponseTimeDistribution produced 0 samples
2022-07-13 23:20:17,324 INFO o.a.j.r.p.AbstractSampleConsumer: class org.apache.jmeter.report.processor.graph.impl.BytesThroughputGraphConsumer#stopProducing(): bytesThroughputOverTime produced 0 samples
2022-07-13 23:20:17,324 INFO o.a.j.r.p.AbstractSampleConsumer: class org.apache.jmeter.report.processor.graph.impl.CodesPerSecondGraphConsumer#stopProducing(): codesPerSecond produced 0 samples
2022-07-13 23:20:17,325 INFO o.a.j.r.p.AbstractSampleConsumer: class org.apache.jmeter.report.processor.graph.impl.ResponseTimeVSRequestGraphConsumer#stopProducing(): responseTimeVsRequest produced 0 samples
2022-07-13 23:20:17,325 INFO o.a.j.r.p.AbstractSampleConsumer: class org.apache.jmeter.report.processor.FilterConsumer#stopProducing(): startIntervalControlerFilter produced 21 samples
2022-07-13 23:20:17,325 INFO o.a.j.r.p.AbstractSampleConsumer: class org.apache.jmeter.report.processor.graph.impl.TotalTPSGraphConsumer#stopProducing(): totalTPS produced 0 samples
2022-07-13 23:20:17,325 INFO o.a.j.r.p.AbstractSampleConsumer: class org.apache.jmeter.report.processor.graph.impl.ActiveThreadsGraphConsumer#stopProducing(): activeThreadsOverTime produced 0 samples
2022-07-13 23:20:17,325 INFO o.a.j.r.p.AbstractSampleConsumer: class org.apache.jmeter.report.processor.graph.impl.TimeVSThreadGraphConsumer#stopProducing(): timeVsThreads produced 0 samples
2022-07-13 23:20:17,325 INFO o.a.j.r.p.AbstractSampleConsumer: class org.apache.jmeter.report.processor.graph.impl.ResponseTimeDistributionGraphConsumer#stopProducing(): responseTimeDistribution produced 0 samples
2022-07-13 23:20:17,325 INFO o.a.j.r.p.AbstractSampleConsumer: class org.apache.jmeter.report.processor.graph.impl.TransactionsPerSecondGraphConsumer#stopProducing(): transactionsPerSecond produced 0 samples
2022-07-13 23:20:17,325 INFO o.a.j.r.p.AbstractSampleConsumer: class org.apache.jmeter.report.processor.graph.impl.ResponseTimePercentilesGraphConsumer#stopProducing(): responseTimePercentiles produced 0 samples
2022-07-13 23:20:17,326 INFO o.a.j.r.p.AbstractSampleConsumer: class org.apache.jmeter.report.processor.graph.impl.ResponseTimePercentilesOverTimeGraphConsumer#stopProducing(): responseTimePercentilesOverTime produced 0 samples
2022-07-13 23:20:17,326 INFO o.a.j.r.p.AbstractSampleConsumer: class org.apache.jmeter.report.processor.graph.impl.ResponseTimeOverTimeGraphConsumer#stopProducing(): responseTimesOverTime produced 0 samples
2022-07-13 23:20:17,326 INFO o.a.j.r.p.AbstractSampleConsumer: class org.apache.jmeter.report.processor.graph.impl.ConnectTimeOverTimeGraphConsumer#stopProducing(): connectTimeOverTime produced 0 samples
2022-07-13 23:20:17,326 INFO o.a.j.r.p.AbstractSampleConsumer: class org.apache.jmeter.report.processor.graph.impl.LatencyOverTimeGraphConsumer#stopProducing(): latenciesOverTime produced 0 samples
2022-07-13 23:20:17,326 INFO o.a.j.r.p.AbstractSampleConsumer: class org.apache.jmeter.report.processor.FilterConsumer#stopProducing(): nameFilter produced 45 samples
2022-07-13 23:20:17,326 INFO o.a.j.r.p.AbstractSampleConsumer: class org.apache.jmeter.report.processor.FilterConsumer#stopProducing(): dateRangeFilter produced 9 samples
2022-07-13 23:20:17,326 INFO o.a.j.r.p.AbstractSampleConsumer: class org.apache.jmeter.report.processor.NormalizerSampleConsumer#stopProducing(): normalizer produced 3 samples
2022-07-13 23:20:17,327 INFO o.a.j.r.p.CsvFileSampleSource: produce(): 3 samples produced in 28ms on channel 0
2022-07-13 23:20:17,327 INFO o.a.j.r.d.ReportGenerator: Exporting data using exporter:'json' of className:'org.apache.jmeter.report.dashboard.JsonExporter'
2022-07-13 23:20:17,384 INFO o.a.j.r.d.JsonExporter: Found data for consumer statisticsSummary in context
2022-07-13 23:20:17,384 INFO o.a.j.r.d.JsonExporter: Creating statistics for overall
2022-07-13 23:20:17,384 INFO o.a.j.r.d.JsonExporter: Creating statistics for other transactions
2022-07-13 23:20:17,384 INFO o.a.j.r.d.JsonExporter: Checking output folder
2022-07-13 23:20:17,384 INFO o.a.j.r.d.JsonExporter: Writing statistics JSON to /Users/alexrodriguez/Desktop/JMeter/framework/performanceTesting/target/jmeter/reports/project/statistics.json
2022-07-13 23:20:17,405 INFO o.a.j.r.d.ReportGenerator: Exporting data using exporter:'html' of className:'org.apache.jmeter.report.dashboard.HtmlTemplateExporter'
2022-07-13 23:20:17,406 INFO o.a.j.r.d.HtmlTemplateExporter: Will generate dashboard in folder: /Users/alexrodriguez/Desktop/JMeter/framework/performanceTesting/target/jmeter/reports/project
2022-07-13 23:20:17,452 INFO o.a.j.r.d.HtmlTemplateExporter: Report will be generated in: /Users/alexrodriguez/Desktop/JMeter/framework/performanceTesting/target/jmeter/reports/project, creating folder structure
2022-07-13 23:20:17,453 INFO o.a.j.r.d.TemplateVisitor: Copying folder from '/Users/alexrodriguez/Desktop/JMeter/framework/performanceTesting/target/6d40e489-69ac-4f3d-bbb1-5de03a1023c2/jmeter/bin/report-template' to '/Users/alexrodriguez/Desktop/JMeter/framework/performanceTesting/target/jmeter/reports/project', got message: /Users/alexrodriguez/Desktop/JMeter/framework/performanceTesting/target/jmeter/reports/project, found non empty folder with following content [/Users/alexrodriguez/Desktop/JMeter/framework/performanceTesting/target/jmeter/reports/project/statistics.json], will be ignored
2022-07-13 23:20:17,582 INFO o.a.j.JMeter: Dashboard generated
